<?xml version="1.0" encoding="UTF-8"?>
<testng-results ignored="1" total="2" passed="1" failed="0" skipped="0">
  <reporter-output>
  </reporter-output>
  <suite started-at="2022-12-12T10:17:18 IST" name="Default suite" finished-at="2022-12-12T10:19:03 IST" duration-ms="105197">
    <groups>
    </groups>
    <test started-at="2022-12-12T10:17:18 IST" name="Default test" finished-at="2022-12-12T10:19:03 IST" duration-ms="105197">
      <class name="Frame.Test_case">
        <test-method is-config="true" signature="KillAllProcesses()[pri:0, instance:Frame.Test_case@63a12c68]" started-at="2022-12-12T10:17:18 IST" name="KillAllProcesses" finished-at="2022-12-12T10:18:26 IST" duration-ms="68051" status="PASS">
          <reporter-output>
          </reporter-output>
        </test-method> <!-- KillAllProcesses -->
        <test-method signature="tc2()[pri:0, instance:Frame.Test_case@63a12c68]" started-at="2022-12-12T10:18:26 IST" name="tc2" finished-at="2022-12-12T10:19:03 IST" duration-ms="37034" status="PASS">
          <reporter-output>
          </reporter-output>
        </test-method> <!-- tc2 -->
      </class> <!-- Frame.Test_case -->
    </test> <!-- Default test -->
  </suite> <!-- Default suite -->
</testng-results>
